manifest-merger-blame-debug-report.txt
1<?xml version="1.0" encoding="utf-8"?>
2<manifest xmlns:android="http://schemas.android.com/apk/res/android"
3    package="com.s23010920.studypal"
4    android:versionCode="1"
5    android:versionName="1.0" >
6
7    <uses-sdk
8        android:minSdkVersion="25"
9        android:targetSdkVersion="35" />
10
11    <!-- Required permissions -->
12    <uses-permission android:name="android.permission.INTERNET" />
12-->src\main\AndroidManifest.xml:9:5-67
12-->src\main\AndroidManifest.xml:9:22-64
13    <uses-permission android:name="android.permission.ACCESS_FINE_LOCATION" />
13-->src\main\AndroidManifest.xml:10:5-79
13-->src\main\AndroidManifest.xml:10:22-76
14    <uses-permission android:name="android.permission.ACCESS_COARSE_LOCATION" />
14-->src\main\AndroidManifest.xml:11:5-81
14-->src\main\AndroidManifest.xml:11:22-78
15    <uses-permission android:name="android.permission.VIBRATE" />
15-->src\main\AndroidManifest.xml:12:5-66
15-->src\main\AndroidManifest.xml:12:22-63
16    <uses-permission android:name="android.permission.POST_NOTIFICATIONS" />
16-->src\main\AndroidManifest.xml:13:5-76
16-->src\main\AndroidManifest.xml:13:22-74
17    <uses-permission android:name="android.permission.USE_BIOMETRIC" />
17-->src\main\AndroidManifest.xml:14:5-71
17-->src\main\AndroidManifest.xml:14:22-69
18    <uses-permission android:name="android.permission.USE_FINGERPRINT" />
18-->src\main\AndroidManifest.xml:15:5-73
18-->src\main\AndroidManifest.xml:15:22-71
19    <uses-permission android:name="android.permission.ACCESS_WIFI_STATE" /> <!-- Include required permissions for Google Maps API to run. -->
19-->[com.google.android.libraries.places:places:3.3.0] AndroidManifest.xml:11:5-76
19-->[com.google.android.libraries.places:places:3.3.0] AndroidManifest.xml:11:22-73
20    <uses-permission android:name="android.permission.ACCESS_NETWORK_STATE" />
20-->[com.google.android.gms:play-services-maps:18.2.0] AndroidManifest.xml:23:5-79
20-->[com.google.android.gms:play-services-maps:18.2.0] AndroidManifest.xml:23:22-76
21
22    <uses-feature
22-->[com.google.android.gms:play-services-maps:18.2.0] AndroidManifest.xml:26:5-28:35
23        android:glEsVersion="0x00020000"
23-->[com.google.android.gms:play-services-maps:18.2.0] AndroidManifest.xml:27:9-41
24        android:required="true" />
24-->[com.google.android.gms:play-services-maps:18.2.0] AndroidManifest.xml:28:9-32
25
26    <queries>
26-->[com.google.android.gms:play-services-maps:18.2.0] AndroidManifest.xml:30:5-34:15
27
28        <!-- Needs to be explicitly declared on Android R+ -->
29        <package android:name="com.google.android.apps.maps" />
29-->[com.google.android.gms:play-services-maps:18.2.0] AndroidManifest.xml:33:9-64
29-->[com.google.android.gms:play-services-maps:18.2.0] AndroidManifest.xml:33:18-61
30    </queries>
31
32    <permission
32-->[androidx.core:core:1.13.0] AndroidManifest.xml:22:5-24:47
33        android:name="com.s23010920.studypal.DYNAMIC_RECEIVER_NOT_EXPORTED_PERMISSION"
33-->[androidx.core:core:1.13.0] AndroidManifest.xml:23:9-81
34        android:protectionLevel="signature" />
34-->[androidx.core:core:1.13.0] AndroidManifest.xml:24:9-44
35
36    <uses-permission android:name="com.s23010920.studypal.DYNAMIC_RECEIVER_NOT_EXPORTED_PERMISSION" />
36-->[androidx.core:core:1.13.0] AndroidManifest.xml:26:5-97
36-->[androidx.core:core:1.13.0] AndroidManifest.xml:26:22-94
37
38    <application
38-->src\main\AndroidManifest.xml:17:5-78:19
39        android:allowBackup="true"
39-->src\main\AndroidManifest.xml:19:9-35
40        android:appComponentFactory="androidx.core.app.CoreComponentFactory"
40-->[androidx.core:core:1.13.0] AndroidManifest.xml:28:18-86
41        android:dataExtractionRules="@xml/data_extraction_rules"
41-->src\main\AndroidManifest.xml:21:9-65
42        android:debuggable="true"
43        android:extractNativeLibs="false"
44        android:fullBackupContent="@xml/backup_rules"
44-->src\main\AndroidManifest.xml:23:9-54
45        android:icon="@drawable/logo"
45-->src\main\AndroidManifest.xml:25:9-38
46        android:label="@string/app_name"
46-->src\main\AndroidManifest.xml:27:9-41
47        android:roundIcon="@drawable/logo"
47-->src\main\AndroidManifest.xml:29:9-43
48        android:supportsRtl="true"
48-->src\main\AndroidManifest.xml:31:9-35
49        android:testOnly="true"
50        android:theme="@style/Theme.STUDYPAL" >
50-->src\main\AndroidManifest.xml:33:9-46
51
52        <!-- Google Maps API Key -->
53        <meta-data
53-->src\main\AndroidManifest.xml:38:9-42:71
54            android:name="com.google.android.geo.API_KEY"
54-->src\main\AndroidManifest.xml:40:13-58
55            android:value="AIzaSyAKgFrr3ZB_iYPfDuJckHVe4SxiZh7LQfQ" />
55-->src\main\AndroidManifest.xml:42:13-68
56
57        <!-- Activities -->
58        <activity android:name="com.s23010920.studypal.ReminderActivity" />
58-->src\main\AndroidManifest.xml:45:9-53
58-->src\main\AndroidManifest.xml:45:19-51
59        <activity
59-->src\main\AndroidManifest.xml:46:9-55:20
60            android:name="com.s23010920.studypal.StartActivity"
60-->src\main\AndroidManifest.xml:48:13-42
61            android:exported="true" >
61-->src\main\AndroidManifest.xml:50:13-36
62            <intent-filter>
62-->src\main\AndroidManifest.xml:51:13-54:29
63                <action android:name="android.intent.action.MAIN" />
63-->src\main\AndroidManifest.xml:52:17-69
63-->src\main\AndroidManifest.xml:52:25-66
64
65                <category android:name="android.intent.category.LAUNCHER" />
65-->src\main\AndroidManifest.xml:53:17-77
65-->src\main\AndroidManifest.xml:53:27-74
66            </intent-filter>
67        </activity>
68        <activity
68-->src\main\AndroidManifest.xml:56:9-74
69            android:name="com.s23010920.studypal.MainActivity"
69-->src\main\AndroidManifest.xml:56:19-47
70            android:exported="true" />
70-->src\main\AndroidManifest.xml:56:48-71
71        <activity android:name="com.s23010920.studypal.SignUpActivity" />
71-->src\main\AndroidManifest.xml:57:9-52
71-->src\main\AndroidManifest.xml:57:19-49
72        <activity android:name="com.s23010920.studypal.DashboardActivity" />
72-->src\main\AndroidManifest.xml:59:9-55
72-->src\main\AndroidManifest.xml:59:19-52
73        <activity android:name="com.s23010920.studypal.ResetPasswordActivity" />
73-->src\main\AndroidManifest.xml:60:9-59
73-->src\main\AndroidManifest.xml:60:19-56
74
75        <!-- Add your MapActivity if you have one -->
76        <activity android:name="com.s23010920.studypal.MapActivity" />
76-->src\main\AndroidManifest.xml:63:9-49
76-->src\main\AndroidManifest.xml:63:19-46
77        <activity
77-->src\main\AndroidManifest.xml:65:9-74:20
78            android:name="com.s23010920.studypal.SummaryActivity"
78-->src\main\AndroidManifest.xml:67:13-44
79            android:exported="true" >
79-->src\main\AndroidManifest.xml:69:13-36
80            <intent-filter>
80-->src\main\AndroidManifest.xml:51:13-54:29
81                <action android:name="android.intent.action.MAIN" />
81-->src\main\AndroidManifest.xml:52:17-69
81-->src\main\AndroidManifest.xml:52:25-66
82
83                <category android:name="android.intent.category.LAUNCHER" />
83-->src\main\AndroidManifest.xml:53:17-77
83-->src\main\AndroidManifest.xml:53:27-74
84            </intent-filter>
85        </activity>
86
87        <receiver android:name="com.s23010920.studypal.ReminderReceiver" />
87-->src\main\AndroidManifest.xml:76:9-53
87-->src\main\AndroidManifest.xml:76:19-51
88
89        <activity android:name="com.s23010920.studypal.ReminderReceiver" />
89-->src\main\AndroidManifest.xml:77:9-53
89-->src\main\AndroidManifest.xml:77:19-51
90        <activity
90-->[com.google.android.libraries.places:places:3.3.0] AndroidManifest.xml:15:9-21:20
91            android:name="com.google.android.libraries.places.widget.AutocompleteActivity"
91-->[com.google.android.libraries.places:places:3.3.0] AndroidManifest.xml:16:13-91
92            android:exported="false"
92-->[com.google.android.libraries.places:places:3.3.0] AndroidManifest.xml:17:13-37
93            android:label="@string/places_autocomplete_label"
93-->[com.google.android.libraries.places:places:3.3.0] AndroidManifest.xml:18:13-62
94            android:theme="@style/PlacesAutocompleteOverlay"
94-->[com.google.android.libraries.places:places:3.3.0] AndroidManifest.xml:19:13-61
95            android:windowSoftInputMode="adjustResize" >
95-->[com.google.android.libraries.places:places:3.3.0] AndroidManifest.xml:20:13-55
96        </activity> <!-- Needs to be explicitly declared on P+ -->
97        <uses-library
97-->[com.google.android.gms:play-services-maps:18.2.0] AndroidManifest.xml:39:9-41:40
98            android:name="org.apache.http.legacy"
98-->[com.google.android.gms:play-services-maps:18.2.0] AndroidManifest.xml:40:13-50
99            android:required="false" />
99-->[com.google.android.gms:play-services-maps:18.2.0] AndroidManifest.xml:41:13-37
100
101        <activity
101-->[com.google.android.gms:play-services-base:18.1.0] AndroidManifest.xml:20:9-22:45
102            android:name="com.google.android.gms.common.api.GoogleApiActivity"
102-->[com.google.android.gms:play-services-base:18.1.0] AndroidManifest.xml:20:19-85
103            android:exported="false"
103-->[com.google.android.gms:play-services-base:18.1.0] AndroidManifest.xml:22:19-43
104            android:theme="@android:style/Theme.Translucent.NoTitleBar" />
104-->[com.google.android.gms:play-services-base:18.1.0] AndroidManifest.xml:21:19-78
105
106        <meta-data
106-->[com.google.android.gms:play-services-basement:18.1.0] AndroidManifest.xml:21:9-23:69
107            android:name="com.google.android.gms.version"
107-->[com.google.android.gms:play-services-basement:18.1.0] AndroidManifest.xml:22:13-58
108            android:value="@integer/google_play_services_version" />
108-->[com.google.android.gms:play-services-basement:18.1.0] AndroidManifest.xml:23:13-66
109
110        <provider
110-->[androidx.emoji2:emoji2:1.3.0] AndroidManifest.xml:24:9-32:20
111            android:name="androidx.startup.InitializationProvider"
111-->[androidx.emoji2:emoji2:1.3.0] AndroidManifest.xml:25:13-67
112            android:authorities="com.s23010920.studypal.androidx-startup"
112-->[androidx.emoji2:emoji2:1.3.0] AndroidManifest.xml:26:13-68
113            android:exported="false" >
113-->[androidx.emoji2:emoji2:1.3.0] AndroidManifest.xml:27:13-37
114            <meta-data
114-->[androidx.emoji2:emoji2:1.3.0] AndroidManifest.xml:29:13-31:52
115                android:name="androidx.emoji2.text.EmojiCompatInitializer"
115-->[androidx.emoji2:emoji2:1.3.0] AndroidManifest.xml:30:17-75
116                android:value="androidx.startup" />
116-->[androidx.emoji2:emoji2:1.3.0] AndroidManifest.xml:31:17-49
117            <meta-data
117-->[androidx.lifecycle:lifecycle-process:2.6.2] AndroidManifest.xml:29:13-31:52
118                android:name="androidx.lifecycle.ProcessLifecycleInitializer"
118-->[androidx.lifecycle:lifecycle-process:2.6.2] AndroidManifest.xml:30:17-78
119                android:value="androidx.startup" />
119-->[androidx.lifecycle:lifecycle-process:2.6.2] AndroidManifest.xml:31:17-49
120            <meta-data
120-->[androidx.profileinstaller:profileinstaller:1.4.0] AndroidManifest.xml:29:13-31:52
121                android:name="androidx.profileinstaller.ProfileInstallerInitializer"
121-->[androidx.profileinstaller:profileinstaller:1.4.0] AndroidManifest.xml:30:17-85
122                android:value="androidx.startup" />
122-->[androidx.profileinstaller:profileinstaller:1.4.0] AndroidManifest.xml:31:17-49
123        </provider>
124
125        <receiver
125-->[androidx.profileinstaller:profileinstaller:1.4.0] AndroidManifest.xml:34:9-52:20
126            android:name="androidx.profileinstaller.ProfileInstallReceiver"
126-->[androidx.profileinstaller:profileinstaller:1.4.0] AndroidManifest.xml:35:13-76
127            android:directBootAware="false"
127-->[androidx.profileinstaller:profileinstaller:1.4.0] AndroidManifest.xml:36:13-44
128            android:enabled="true"
128-->[androidx.profileinstaller:profileinstaller:1.4.0] AndroidManifest.xml:37:13-35
129            android:exported="true"
129-->[androidx.profileinstaller:profileinstaller:1.4.0] AndroidManifest.xml:38:13-36
130            android:permission="android.permission.DUMP" >
130-->[androidx.profileinstaller:profileinstaller:1.4.0] AndroidManifest.xml:39:13-57
131            <intent-filter>
131-->[androidx.profileinstaller:profileinstaller:1.4.0] AndroidManifest.xml:40:13-42:29
132                <action android:name="androidx.profileinstaller.action.INSTALL_PROFILE" />
132-->[androidx.profileinstaller:profileinstaller:1.4.0] AndroidManifest.xml:41:17-91
132-->[androidx.profileinstaller:profileinstaller:1.4.0] AndroidManifest.xml:41:25-88
133            </intent-filter>
134            <intent-filter>
134-->[androidx.profileinstaller:profileinstaller:1.4.0] AndroidManifest.xml:43:13-45:29
135                <action android:name="androidx.profileinstaller.action.SKIP_FILE" />
135-->[androidx.profileinstaller:profileinstaller:1.4.0] AndroidManifest.xml:44:17-85
135-->[androidx.profileinstaller:profileinstaller:1.4.0] AndroidManifest.xml:44:25-82
136            </intent-filter>
137            <intent-filter>
137-->[androidx.profileinstaller:profileinstaller:1.4.0] AndroidManifest.xml:46:13-48:29
138                <action android:name="androidx.profileinstaller.action.SAVE_PROFILE" />
138-->[androidx.profileinstaller:profileinstaller:1.4.0] AndroidManifest.xml:47:17-88
138-->[androidx.profileinstaller:profileinstaller:1.4.0] AndroidManifest.xml:47:25-85
139            </intent-filter>
140            <intent-filter>
140-->[androidx.profileinstaller:profileinstaller:1.4.0] AndroidManifest.xml:49:13-51:29
141                <action android:name="androidx.profileinstaller.action.BENCHMARK_OPERATION" />
141-->[androidx.profileinstaller:profileinstaller:1.4.0] AndroidManifest.xml:50:17-95
141-->[androidx.profileinstaller:profileinstaller:1.4.0] AndroidManifest.xml:50:25-92
142            </intent-filter>
143        </receiver>
144
145        <service
145-->[com.google.android.datatransport:transport-backend-cct:2.3.0] AndroidManifest.xml:29:9-35:19
146            android:name="com.google.android.datatransport.runtime.backends.TransportBackendDiscovery"
146-->[com.google.android.datatransport:transport-backend-cct:2.3.0] AndroidManifest.xml:30:13-103
147            android:exported="false" >
147-->[com.google.android.datatransport:transport-backend-cct:2.3.0] AndroidManifest.xml:31:13-37
148            <meta-data
148-->[com.google.android.datatransport:transport-backend-cct:2.3.0] AndroidManifest.xml:32:13-34:39
149                android:name="backend:com.google.android.datatransport.cct.CctBackendFactory"
149-->[com.google.android.datatransport:transport-backend-cct:2.3.0] AndroidManifest.xml:33:17-94
150                android:value="cct" />
150-->[com.google.android.datatransport:transport-backend-cct:2.3.0] AndroidManifest.xml:34:17-36
151        </service>
152        <service
152-->[com.google.android.datatransport:transport-runtime:2.2.3] AndroidManifest.xml:26:9-30:19
153            android:name="com.google.android.datatransport.runtime.scheduling.jobscheduling.JobInfoSchedulerService"
153-->[com.google.android.datatransport:transport-runtime:2.2.3] AndroidManifest.xml:27:13-117
154            android:exported="false"
154-->[com.google.android.datatransport:transport-runtime:2.2.3] AndroidManifest.xml:28:13-37
155            android:permission="android.permission.BIND_JOB_SERVICE" >
155-->[com.google.android.datatransport:transport-runtime:2.2.3] AndroidManifest.xml:29:13-69
156        </service>
157
158        <receiver
158-->[com.google.android.datatransport:transport-runtime:2.2.3] AndroidManifest.xml:32:9-34:40
159            android:name="com.google.android.datatransport.runtime.scheduling.jobscheduling.AlarmManagerSchedulerBroadcastReceiver"
159-->[com.google.android.datatransport:transport-runtime:2.2.3] AndroidManifest.xml:33:13-132
160            android:exported="false" />
160-->[com.google.android.datatransport:transport-runtime:2.2.3] AndroidManifest.xml:34:13-37
161    </application>
162
163</manifest>